g:\my drive\2022-1\frr\lab 1\basecode\windows\srgge_basecode\srgge_basecode\debug\vc143.pdb
g:\my drive\2022-1\frr\lab 1\basecode\windows\srgge_basecode\srgge_basecode\debug\vc143.idb
g:\my drive\2022-1\frr\lab 1\basecode\windows\srgge_basecode\srgge_basecode\debug\vectorcamera.obj
g:\my drive\2022-1\frr\lab 1\basecode\windows\srgge_basecode\srgge_basecode\debug\trianglemesh.obj
g:\my drive\2022-1\frr\lab 1\basecode\windows\srgge_basecode\srgge_basecode\debug\shaderprogram.obj
g:\my drive\2022-1\frr\lab 1\basecode\windows\srgge_basecode\srgge_basecode\debug\shader.obj
g:\my drive\2022-1\frr\lab 1\basecode\windows\srgge_basecode\srgge_basecode\debug\scene.obj
g:\my drive\2022-1\frr\lab 1\basecode\windows\srgge_basecode\srgge_basecode\debug\plyreader.obj
g:\my drive\2022-1\frr\lab 1\basecode\windows\srgge_basecode\srgge_basecode\debug\main.obj
g:\my drive\2022-1\frr\lab 1\basecode\windows\srgge_basecode\srgge_basecode\debug\imgui_widgets.obj
g:\my drive\2022-1\frr\lab 1\basecode\windows\srgge_basecode\srgge_basecode\debug\imgui_tables.obj
g:\my drive\2022-1\frr\lab 1\basecode\windows\srgge_basecode\srgge_basecode\debug\imgui_impl_opengl2.obj
g:\my drive\2022-1\frr\lab 1\basecode\windows\srgge_basecode\srgge_basecode\debug\imgui_impl_glut.obj
g:\my drive\2022-1\frr\lab 1\basecode\windows\srgge_basecode\srgge_basecode\debug\imgui_draw.obj
g:\my drive\2022-1\frr\lab 1\basecode\windows\srgge_basecode\srgge_basecode\debug\imgui_demo.obj
g:\my drive\2022-1\frr\lab 1\basecode\windows\srgge_basecode\srgge_basecode\debug\imgui.obj
g:\my drive\2022-1\frr\lab 1\basecode\windows\srgge_basecode\srgge_basecode\debug\application.obj
g:\my drive\2022-1\frr\lab 1\basecode\windows\srgge_basecode\srgge_basecode\debug\octnode.obj
g:\my drive\2022-1\frr\lab 1\basecode\windows\srgge_basecode\srgge_basecode\debug\octree.obj
c:\miri\2022-1\srgge - scalable rendering for graphics and game engines\scalable-rendering-project\basecode\windows\srgge_basecode\srgge_basecode\debug\vc143.pdb
c:\miri\2022-1\srgge - scalable rendering for graphics and game engines\scalable-rendering-project\basecode\windows\srgge_basecode\srgge_basecode\debug\vc143.idb
c:\miri\2022-1\srgge - scalable rendering for graphics and game engines\scalable-rendering-project\basecode\windows\srgge_basecode\srgge_basecode\debug\vectorcamera.obj
c:\miri\2022-1\srgge - scalable rendering for graphics and game engines\scalable-rendering-project\basecode\windows\srgge_basecode\srgge_basecode\debug\shaderprogram.obj
c:\miri\2022-1\srgge - scalable rendering for graphics and game engines\scalable-rendering-project\basecode\windows\srgge_basecode\srgge_basecode\debug\shader.obj
c:\miri\2022-1\srgge - scalable rendering for graphics and game engines\scalable-rendering-project\basecode\windows\srgge_basecode\srgge_basecode\debug\scene.obj
c:\miri\2022-1\srgge - scalable rendering for graphics and game engines\scalable-rendering-project\basecode\windows\srgge_basecode\srgge_basecode\debug\plyreader.obj
c:\miri\2022-1\srgge - scalable rendering for graphics and game engines\scalable-rendering-project\basecode\windows\srgge_basecode\srgge_basecode\debug\octree.obj
c:\miri\2022-1\srgge - scalable rendering for graphics and game engines\scalable-rendering-project\basecode\windows\srgge_basecode\srgge_basecode\debug\octnode.obj
c:\miri\2022-1\srgge - scalable rendering for graphics and game engines\scalable-rendering-project\basecode\windows\srgge_basecode\srgge_basecode\debug\main.obj
c:\miri\2022-1\srgge - scalable rendering for graphics and game engines\scalable-rendering-project\basecode\windows\srgge_basecode\srgge_basecode\debug\imgui_widgets.obj
c:\miri\2022-1\srgge - scalable rendering for graphics and game engines\scalable-rendering-project\basecode\windows\srgge_basecode\srgge_basecode\debug\imgui_tables.obj
c:\miri\2022-1\srgge - scalable rendering for graphics and game engines\scalable-rendering-project\basecode\windows\srgge_basecode\srgge_basecode\debug\imgui_impl_opengl2.obj
c:\miri\2022-1\srgge - scalable rendering for graphics and game engines\scalable-rendering-project\basecode\windows\srgge_basecode\srgge_basecode\debug\imgui_impl_glut.obj
c:\miri\2022-1\srgge - scalable rendering for graphics and game engines\scalable-rendering-project\basecode\windows\srgge_basecode\srgge_basecode\debug\imgui_draw.obj
c:\miri\2022-1\srgge - scalable rendering for graphics and game engines\scalable-rendering-project\basecode\windows\srgge_basecode\srgge_basecode\debug\imgui_demo.obj
c:\miri\2022-1\srgge - scalable rendering for graphics and game engines\scalable-rendering-project\basecode\windows\srgge_basecode\srgge_basecode\debug\imgui.obj
c:\miri\2022-1\srgge - scalable rendering for graphics and game engines\scalable-rendering-project\basecode\windows\srgge_basecode\srgge_basecode\debug\application.obj
c:\miri\2022-1\srgge - scalable rendering for graphics and game engines\scalable-rendering-project\basecode\windows\srgge_basecode\srgge_basecode\debug\trianglemesh.obj
g:\my drive\2022-1\frr\lab 1\basecode\windows\srgge_basecode\debug\srgge_basecode.exe
g:\my drive\2022-1\frr\lab 1\basecode\windows\srgge_basecode\debug\srgge_basecode.pdb
c:\miri\2022-1\srgge - scalable rendering for graphics and game engines\scalable-rendering-project\basecode\windows\srgge_basecode\debug\srgge_basecode.exe
c:\miri\2022-1\srgge - scalable rendering for graphics and game engines\scalable-rendering-project\basecode\windows\srgge_basecode\srgge_basecode\debug\srgge_basecode.ilk
c:\miri\2022-1\srgge - scalable rendering for graphics and game engines\scalable-rendering-project\basecode\windows\srgge_basecode\debug\srgge_basecode.pdb
c:\miri\2022-1\srgge - scalable rendering for graphics and game engines\scalable-rendering-project\basecode\windows\srgge_basecode\srgge_basecode\debug\octree.obj.enc
c:\miri\2022-1\srgge - scalable rendering for graphics and game engines\scalable-rendering-project\basecode\windows\srgge_basecode\srgge_basecode\debug\srgge_basecode.tlog\cl.command.1.tlog
c:\miri\2022-1\srgge - scalable rendering for graphics and game engines\scalable-rendering-project\basecode\windows\srgge_basecode\srgge_basecode\debug\srgge_basecode.tlog\cl.read.1.tlog
c:\miri\2022-1\srgge - scalable rendering for graphics and game engines\scalable-rendering-project\basecode\windows\srgge_basecode\srgge_basecode\debug\srgge_basecode.tlog\cl.write.1.tlog
c:\miri\2022-1\srgge - scalable rendering for graphics and game engines\scalable-rendering-project\basecode\windows\srgge_basecode\srgge_basecode\debug\srgge_basecode.tlog\link.command.1.tlog
c:\miri\2022-1\srgge - scalable rendering for graphics and game engines\scalable-rendering-project\basecode\windows\srgge_basecode\srgge_basecode\debug\srgge_basecode.tlog\link.read.1.tlog
c:\miri\2022-1\srgge - scalable rendering for graphics and game engines\scalable-rendering-project\basecode\windows\srgge_basecode\srgge_basecode\debug\srgge_basecode.tlog\link.write.1.tlog
